<?xml version="1.0" encoding="UTF-8"?>
<!-- Generated by org.testng.reporters.JUnitReportReporter -->
<testsuite hostname="LAPTOP-5KKS4G3M" failures="0" tests="1" name="tests.HealthyAgingFormTest" time="23.962" errors="0" timestamp="2025-09-06T01:07:55 IST" skipped="0">
  <testcase classname="tests.HealthyAgingFormTest" name="verifyHealthyAgingFormSubmission" time="23.962"/>
</testsuite> <!-- tests.HealthyAgingFormTest -->
