<?xml version="1.0" encoding="UTF-8"?>
<!-- Generated by org.testng.reporters.JUnitReportReporter -->
<testsuite hostname="LAPTOP-5KKS4G3M" failures="0" tests="2" name="tests.HomePageTest" time="12.373" errors="0" timestamp="2025-09-06T01:35:56 IST" skipped="0">
  <testcase classname="tests.HomePageTest" name="verifyHomePageSections" time="6.698"/>
  <testcase classname="tests.HomePageTest" name="verifySearchFunctionality" time="5.675"/>
</testsuite> <!-- tests.HomePageTest -->
